Determining if the pthread_create exist failed with the following output:
Change Dir: /home/patrick/ROS_ws/Olin_AR_Drone/CommandVelocitySpammer/build/CMakeFiles/CMakeTmp

Run Build Command:/usr/bin/make "cmTryCompileExec3447806038/fast"
make[1]: Entering directory `/home/patrick/ROS_ws/Olin_AR_Drone/CommandVelocitySpammer/build/CMakeFiles/CMakeTmp'
/usr/bin/make -f CMakeFiles/cmTryCompileExec3447806038.dir/build.make CMakeFiles/cmTryCompileExec3447806038.dir/build
make[2]: Entering directory `/home/patrick/ROS_ws/Olin_AR_Drone/CommandVelocitySpammer/build/CMakeFiles/CMakeTmp'
/usr/bin/cmake -E cmake_progress_report /home/patrick/ROS_ws/Olin_AR_Drone/CommandVelocitySpammer/build/CMakeFiles/CMakeTmp/CMakeFiles 1
Building C object CMakeFiles/cmTryCompileExec3447806038.dir/CheckSymbolExists.c.o
/usr/bin/gcc    -o CMakeFiles/cmTryCompileExec3447806038.dir/CheckSymbolExists.c.o   -c /home/patrick/ROS_ws/Olin_AR_Drone/CommandVelocitySpammer/build/CMakeFiles/CMakeTmp/CheckSymbolExists.c
Linking C executable cmTryCompileExec3447806038
/usr/bin/cmake -E cmake_link_script CMakeFiles/cmTryCompileExec3447806038.dir/link.txt --verbose=1
/usr/bin/gcc         CMakeFiles/cmTryCompileExec3447806038.dir/CheckSymbolExists.c.o  -o cmTryCompileExec3447806038 -rdynamic 
CMakeFiles/cmTryCompileExec3447806038.dir/CheckSymbolExists.c.o: In function `main':
CheckSymbolExists.c:(.text+0x16): undefined reference to `pthread_create'
collect2: ld returned 1 exit status
make[2]: *** [cmTryCompileExec3447806038] Error 1
make[2]: Leaving directory `/home/patrick/ROS_ws/Olin_AR_Drone/CommandVelocitySpammer/build/CMakeFiles/CMakeTmp'
make[1]: *** [cmTryCompileExec3447806038/fast] Error 2
make[1]: Leaving directory `/home/patrick/ROS_ws/Olin_AR_Drone/CommandVelocitySpammer/build/CMakeFiles/CMakeTmp'

File /home/patrick/ROS_ws/Olin_AR_Drone/CommandVelocitySpammer/build/CMakeFiles/CMakeTmp/CheckSymbolExists.c:
/* */
#include <pthread.h>

int main(int argc, char** argv)
{
  (void)argv;
#ifndef pthread_create
  return ((int*)(&pthread_create))[argc];
#else
  (void)argc;
  return 0;
#endif
}

Determining if the function pthread_create exists in the pthreads failed with the following output:
Change Dir: /home/patrick/ROS_ws/Olin_AR_Drone/CommandVelocitySpammer/build/CMakeFiles/CMakeTmp

Run Build Command:/usr/bin/make "cmTryCompileExec442852713/fast"
make[1]: Entering directory `/home/patrick/ROS_ws/Olin_AR_Drone/CommandVelocitySpammer/build/CMakeFiles/CMakeTmp'
/usr/bin/make -f CMakeFiles/cmTryCompileExec442852713.dir/build.make CMakeFiles/cmTryCompileExec442852713.dir/build
make[2]: Entering directory `/home/patrick/ROS_ws/Olin_AR_Drone/CommandVelocitySpammer/build/CMakeFiles/CMakeTmp'
/usr/bin/cmake -E cmake_progress_report /home/patrick/ROS_ws/Olin_AR_Drone/CommandVelocitySpammer/build/CMakeFiles/CMakeTmp/CMakeFiles 1
Building C object CMakeFiles/cmTryCompileExec442852713.dir/CheckFunctionExists.c.o
/usr/bin/gcc   -DCHECK_FUNCTION_EXISTS=pthread_create   -o CMakeFiles/cmTryCompileExec442852713.dir/CheckFunctionExists.c.o   -c /usr/share/cmake-2.8/Modules/CheckFunctionExists.c
Linking C executable cmTryCompileExec442852713
/usr/bin/cmake -E cmake_link_script CMakeFiles/cmTryCompileExec442852713.dir/link.txt --verbose=1
/usr/bin/gcc     -DCHECK_FUNCTION_EXISTS=pthread_create    CMakeFiles/cmTryCompileExec442852713.dir/CheckFunctionExists.c.o  -o cmTryCompileExec442852713 -rdynamic -lpthreads 
/usr/bin/ld: cannot find -lpthreads
collect2: ld returned 1 exit status
make[2]: *** [cmTryCompileExec442852713] Error 1
make[2]: Leaving directory `/home/patrick/ROS_ws/Olin_AR_Drone/CommandVelocitySpammer/build/CMakeFiles/CMakeTmp'
make[1]: Leaving directory `/home/patrick/ROS_ws/Olin_AR_Drone/CommandVelocitySpammer/build/CMakeFiles/CMakeTmp'
make[1]: *** [cmTryCompileExec442852713/fast] Error 2


